		Initializing .... 

Total memory allocated = 5454196
		Begin Printing Seed information

Seed point: 128 363 	Path 0 0 	User path -1 -1 -1

---------------------

Print path: 



[128 363] 

		Begin Printing Seed information

Seed point: 128 363 	Path 0 17 	User path 0 78 0

Seed point: 111 378 	Path 18 18 	User path 78 78 78

---------------------

Print path: 



[128 363] [127 364] [126 365] [125 366] [124 367] [123 368] [122 369] 
[121 370] [120 371] [119 372] [118 373] [117 374] [116 375] [115 376] 
[114 377] [113 378] [112 378] [111 378] [111 378] 

		Begin Printing Seed information

Seed point: 128 363 	Path 0 17 	User path 0 78 0

Seed point: 111 378 	Path 18 47 	User path 78 109 78

Seed point: 132 383 	Path 48 48 	User path 109 109 109

---------------------

Print path: 



[128 363] [127 364] [126 365] [125 366] [124 367] [123 368] [122 369] 
[121 370] [120 371] [119 372] [118 373] [117 374] [116 375] [115 376] 
[114 377] [113 378] [112 378] [111 378] [111 378] [111 379] [111 380] 
[111 381] [111 382] [111 383] [111 384] [112 385] [113 386] [114 387] 
[115 388] [116 389] [117 390] [118 390] [119 390] [120 390] [121 390] 
[122 390] [123 389] [124 388] [125 387] [126 386] [127 385] [128 385] 
[129 385] [130 385] [130 384] [130 383] [131 383] [132 383] [132 383] 

User path


[128 363] [128 365] [128 366] [128 367] [128 368] [128 369] [128 370] 
[128 367] [128 366] [128 365] [128 364] [126 364] [125 364] [125 365] 
[124 365] [124 366] [124 367] [124 368] [124 370] [124 372] [124 373] 
[124 374] [124 373] [124 372] [124 371] [124 372] [124 373] [124 372] 
[124 371] [124 370] [124 369] [124 367] [122 366] [112 366] [110 364] 
[102 362] [102 363] [102 364] [102 365] [102 366] [102 367] [102 368] 
[111 368] [112 368] [113 368] [114 368] [115 368] [115 369] [115 370] 
[115 371] [115 372] [115 373] [115 374] [115 375] [116 375] [117 375] 
[117 374] [117 373] [118 373] [121 370] [121 371] [121 372] [121 373] 
[121 372] [121 371] [120 371] [119 371] [111 372] [111 373] [113 375] 
[114 375] [115 375] [115 377] [115 378] [114 378] [113 378] [112 378] 
[111 378] [111 378] [111 379] [111 380] [111 381] [111 382] [111 383] 
[111 384] [111 385] [112 385] [112 386] [113 387] [113 388] [114 388] 
[115 389] [117 390] [118 390] [119 390] [120 390] [121 390] [122 390] 
[122 389] [123 389] [123 388] [124 388] [124 387] [127 385] [128 385] 
[129 384] [130 384] [131 383] [132 383] [132 383] 

		Begin Printing Seed information

Seed point: 128 363 	Path 0 17 	User path 0 78 0

Seed point: 111 378 	Path 18 47 	User path 78 109 78

Seed point: 132 383 	Path 48 48 	User path 109 110 109

Seed point: 132 383 	Path 49 49 	User path 110 110 110

---------------------

Print path: 



[128 363] [127 364] [126 365] [125 366] [124 367] [123 368] [122 369] 
[121 370] [120 371] [119 372] [118 373] [117 374] [116 375] [115 376] 
[114 377] [113 378] [112 378] [111 378] [111 378] [111 379] [111 380] 
[111 381] [111 382] [111 383] [111 384] [112 385] [113 386] [114 387] 
[115 388] [116 389] [117 390] [118 390] [119 390] [120 390] [121 390] 
[122 390] [123 389] [124 388] [125 387] [126 386] [127 385] [128 385] 
[129 385] [130 385] [130 384] [130 383] [131 383] [132 383] [132 383] 
[132 383] 

